<?xml version="1.0" encoding="UTF-8"?>
<!-- Generated by org.testng.reporters.JUnitReportReporter -->
<testsuite hostname="LAPTOP-D14572JH" failures="0" tests="5" name="Login_Page.TC_ID_05" time="34.095" errors="0" timestamp="2023-08-29T12:01:55 IST" skipped="0">
  <testcase classname="Login_Page.TC_ID_05" name="TC_ID_05_03" time="14.932"/>
  <testcase classname="Login_Page.TC_ID_05" name="TC_ID_05_04" time="1.105"/>
  <testcase classname="Login_Page.TC_ID_05" name="TC_ID_05_05" time="0.637"/>
  <testcase classname="Login_Page.TC_ID_05" name="AppLogin" time="17.417"/>
  <testcase classname="Login_Page.TC_ID_05" name="TC_ID_05_02" time="0.004"/>
</testsuite> <!-- Login_Page.TC_ID_05 -->
