<?xml version="1.0" encoding="UTF-8"?>
<!-- Generated by org.testng.reporters.JUnitReportReporter -->
<testsuite hostname="LAPTOP-D14572JH" failures="0" tests="1" name="ABC.NewTest" time="0.015" errors="0" timestamp="2023-08-08T18:37:55 IST" skipped="0">
  <testcase classname="ABC.NewTest" name="f" time="0.015"/>
</testsuite> <!-- ABC.NewTest -->
