<?xml version="1.0" encoding="UTF-8"?>
<!-- Generated by org.testng.reporters.JUnitReportReporter -->
<testsuite hostname="LAPTOP-D14572JH" failures="0" tests="1" name="Login_Page.TC_ID_04" time="11.168" errors="0" timestamp="2023-08-14T13:24:10 IST" skipped="0">
  <testcase classname="Login_Page.TC_ID_04" name="Testlogin" time="11.168"/>
</testsuite> <!-- Login_Page.TC_ID_04 -->
