<?xml version="1.0" encoding="UTF-8"?>
<!-- Generated by org.testng.reporters.JUnitReportReporter -->
<testsuite hostname="LAPTOP-D14572JH" failures="0" tests="10" name="menuA.TC_ID_18" time="245.109" errors="0" timestamp="2023-08-25T13:25:11 IST" skipped="0">
  <testcase classname="menuA.TC_ID_18" name="TC_ID_18_08" time="5.212"/>
  <testcase classname="menuA.TC_ID_18" name="TC_ID_18_09" time="12.921"/>
  <testcase classname="menuA.TC_ID_18" name="TC_ID_18_07" time="18.219"/>
  <testcase classname="menuA.TC_ID_18" name="TC_ID_18_04" time="5.218"/>
  <testcase classname="menuA.TC_ID_18" name="TC_ID_18_03" time="51.000"/>
  <testcase classname="menuA.TC_ID_18" name="TC_ID_18_06" time="5.167"/>
  <testcase classname="menuA.TC_ID_18" name="TC_ID_18_02" time="104.835"/>
  <testcase classname="menuA.TC_ID_18" name="TC_ID_18_01" time="0.005"/>
  <testcase classname="menuA.TC_ID_18" name="TC_ID_18_05" time="7.669"/>
  <testcase classname="menuA.TC_ID_18" name="Login_Id" time="34.863"/>
</testsuite> <!-- menuA.TC_ID_18 -->
