<?xml version="1.0" encoding="UTF-8"?>
<!-- Generated by org.testng.reporters.JUnitReportReporter -->
<testsuite hostname="LAPTOP-D14572JH" failures="0" tests="6" name="Menu.TC_ID_21" time="99.841" errors="0" timestamp="2023-08-25T17:41:20 IST" skipped="0">
  <testcase classname="Menu.TC_ID_21" name="TC_ID_21_02" time="36.486"/>
  <testcase classname="Menu.TC_ID_21" name="TC_ID_21_03" time="10.254"/>
  <testcase classname="Menu.TC_ID_21" name="TC_ID_21_05" time="13.499"/>
  <testcase classname="Menu.TC_ID_21" name="Login_Id" time="33.801"/>
  <testcase classname="Menu.TC_ID_21" name="TC_ID_21_01" time="0.004"/>
  <testcase classname="Menu.TC_ID_21" name="TC_ID_21_04" time="5.797"/>
</testsuite> <!-- Menu.TC_ID_21 -->
