<?xml version="1.0" encoding="UTF-8"?>
<!-- Generated by org.testng.reporters.JUnitReportReporter -->
<testsuite hostname="LAPTOP-D14572JH" failures="0" tests="7" name="Menu.TC_ID_222" time="113.645" errors="0" timestamp="2023-08-25T18:44:03 IST" skipped="0">
  <testcase classname="Menu.TC_ID_222" name="TC_ID_22_05" time="5.223"/>
  <testcase classname="Menu.TC_ID_222" name="TC_ID_22_02" time="36.226"/>
  <testcase classname="Menu.TC_ID_222" name="TC_ID_22_03" time="16.204"/>
  <testcase classname="Menu.TC_ID_222" name="Login_Id" time="33.093"/>
  <testcase classname="Menu.TC_ID_222" name="TC_ID_22_06" time="17.044"/>
  <testcase classname="Menu.TC_ID_222" name="TC_ID_22_04" time="5.847"/>
  <testcase classname="Menu.TC_ID_222" name="TC_ID_22_01" time="0.008"/>
</testsuite> <!-- Menu.TC_ID_222 -->
