<?xml version="1.0" encoding="UTF-8"?>
<!-- Generated by org.testng.reporters.JUnitReportReporter -->
<testsuite hostname="LAPTOP-D14572JH" failures="0" tests="1" name="Contact.Login" time="48.453" errors="0" timestamp="2023-08-29T11:49:30 IST" skipped="0">
  <testcase classname="Contact.Login" name="AppLogin" time="48.453"/>
</testsuite> <!-- Contact.Login -->
