<?xml version="1.0" encoding="UTF-8"?>
<!-- Generated by org.testng.reporters.JUnitReportReporter -->
<testsuite hostname="LAPTOP-D14572JH" failures="0" tests="7" name="Menu.TC_ID_19" time="119.290" errors="0" timestamp="2023-08-25T17:15:14 IST" skipped="0">
  <testcase classname="Menu.TC_ID_19" name="TC_ID_19_11" time="5.015"/>
  <testcase classname="Menu.TC_ID_19" name="TC_ID_19_10" time="15.250"/>
  <testcase classname="Menu.TC_ID_19" name="TC_ID_19_02" time="45.324"/>
  <testcase classname="Menu.TC_ID_19" name="TC_ID_19_08" time="5.004"/>
  <testcase classname="Menu.TC_ID_19" name="TC_ID_19_09" time="10.255"/>
  <testcase classname="Menu.TC_ID_19" name="Login_Id" time="38.436"/>
  <testcase classname="Menu.TC_ID_19" name="TC_ID_19_01" time="0.006"/>
</testsuite> <!-- Menu.TC_ID_19 -->
