<?xml version="1.0" encoding="UTF-8"?>
<!-- Generated by org.testng.reporters.JUnitReportReporter -->
<testsuite hostname="LAPTOP-D14572JH" failures="0" tests="15" name="Order.TC_ID_14" time="355.920" errors="0" timestamp="2023-08-29T20:15:38 IST" skipped="0">
  <testcase classname="Order.TC_ID_14" name="Login_Id" time="45.492"/>
  <testcase classname="Order.TC_ID_14" name="TC_ID_14_01" time="0.003"/>
  <testcase classname="Order.TC_ID_14" name="TC_ID_14_13" time="3.623"/>
  <testcase classname="Order.TC_ID_14" name="TC_ID_14_10" time="18.135"/>
  <testcase classname="Order.TC_ID_14" name="TC_ID_14_12" time="6.392"/>
  <testcase classname="Order.TC_ID_14" name="TC_ID_14_08" time="5.255"/>
  <testcase classname="Order.TC_ID_14" name="TC_ID_14_05" time="6.564"/>
  <testcase classname="Order.TC_ID_14" name="TC_ID_14_04" time="7.134"/>
  <testcase classname="Order.TC_ID_14" name="TC_ID_14_03" time="21.604"/>
  <testcase classname="Order.TC_ID_14" name="TC_ID_14_09" time="27.171"/>
  <testcase classname="Order.TC_ID_14" name="TC_ID_14_07" time="32.807"/>
  <testcase classname="Order.TC_ID_14" name="TC_ID_14_11" time="16.021"/>
  <testcase classname="Order.TC_ID_14" name="TC_ID_14_14" time="27.044"/>
  <testcase classname="Order.TC_ID_14" name="TC_ID_14_02" time="64.213"/>
  <testcase classname="Order.TC_ID_14" name="TC_ID_14_06" time="74.462"/>
</testsuite> <!-- Order.TC_ID_14 -->
