<?xml version="1.0" encoding="UTF-8"?>
<!-- Generated by org.testng.reporters.JUnitReportReporter -->
<testsuite hostname="LAPTOP-D14572JH" failures="0" tests="13" name="Contact.TC_ID_12" time="521.773" errors="0" timestamp="2023-08-17T18:12:16 IST" skipped="0">
  <testcase classname="Contact.TC_ID_12" name="TC_ID_12_10" time="52.360"/>
  <testcase classname="Contact.TC_ID_12" name="TC_ID_12_04" time="38.066"/>
  <testcase classname="Contact.TC_ID_12" name="TC_ID_12_06" time="18.298"/>
  <testcase classname="Contact.TC_ID_12" name="TC_ID_12_13" time="26.011"/>
  <testcase classname="Contact.TC_ID_12" name="TC_ID_12_09" time="28.094"/>
  <testcase classname="Contact.TC_ID_12" name="TC_ID_12_08" time="77.324"/>
  <testcase classname="Contact.TC_ID_12" name="TC_ID_12_05" time="22.468"/>
  <testcase classname="Contact.TC_ID_12" name="TC_ID_12_07" time="10.340"/>
  <testcase classname="Contact.TC_ID_12" name="TC_ID_12_11" time="11.066"/>
  <testcase classname="Contact.TC_ID_12" name="TC_ID_12_01" time="32.985"/>
  <testcase classname="Contact.TC_ID_12" name="TC_ID_12_02" time="124.852"/>
  <testcase classname="Contact.TC_ID_12" name="TC_ID_12_12" time="44.561"/>
  <testcase classname="Contact.TC_ID_12" name="TC_ID_12_03" time="35.348"/>
</testsuite> <!-- Contact.TC_ID_12 -->
