<?xml version="1.0" encoding="UTF-8"?>
<!-- Generated by org.testng.reporters.JUnitReportReporter -->
<testsuite hostname="LAPTOP-D14572JH" failures="0" tests="6" name="Menu.TC_ID_20" time="89.069" errors="0" timestamp="2023-08-25T17:31:45 IST" skipped="0">
  <testcase classname="Menu.TC_ID_20" name="TC_ID_20_02" time="36.343"/>
  <testcase classname="Menu.TC_ID_20" name="TC_ID_20_04" time="9.737"/>
  <testcase classname="Menu.TC_ID_20" name="TC_ID_20_05" time="4.064"/>
  <testcase classname="Menu.TC_ID_20" name="Login_Id" time="33.311"/>
  <testcase classname="Menu.TC_ID_20" name="TC_ID_20_03" time="5.609"/>
  <testcase classname="Menu.TC_ID_20" name="TC_ID_20_01" time="0.005"/>
</testsuite> <!-- Menu.TC_ID_20 -->
