<?xml version="1.0" encoding="UTF-8"?>
<!-- Generated by org.testng.reporters.JUnitReportReporter -->
<testsuite hostname="LAPTOP-D14572JH" failures="0" tests="1" name="Test_Case2.NewTest" time="166.262" errors="0" timestamp="2023-08-09T18:08:00 IST" skipped="0">
  <testcase classname="Test_Case2.NewTest" name="Testlogin" time="166.262"/>
</testsuite> <!-- Test_Case2.NewTest -->
